<?xml version="1.0" encoding="UTF-8"?>
<!-- Generated by org.testng.reporters.JUnitReportReporter -->
<testsuite skipped="0" hostname="DESKTOP-F0GU3N1" name="connectors.gitconnectors" tests="1" failures="0" timestamp="14 Jun 2019 04:39:12 GMT" time="80.372" errors="0">
  <testcase name="StopDeploymentTestRun" time="80.372" classname="connectors.gitconnectors"/>
</testsuite> <!-- connectors.gitconnectors -->
